mode: set
dsql-simple-sample/domain/transaction.go:9.72,15.2 1 0
dsql-simple-sample/infrastructure/account_repository.go:14.58,16.2 1 0
dsql-simple-sample/infrastructure/account_repository.go:18.122,30.16 4 0
dsql-simple-sample/infrastructure/account_repository.go:30.16,32.3 1 0
dsql-simple-sample/infrastructure/account_repository.go:33.2,33.22 1 0
dsql-simple-sample/infrastructure/account_repository.go:36.115,42.16 2 0
dsql-simple-sample/infrastructure/account_repository.go:42.16,44.3 1 0
dsql-simple-sample/infrastructure/account_repository.go:45.2,45.54 1 0
dsql-simple-sample/infrastructure/account_repository.go:45.54,47.3 1 0
dsql-simple-sample/infrastructure/account_repository.go:48.2,48.12 1 0
dsql-simple-sample/infrastructure/transaction_repository.go:12.66,14.2 1 0
dsql-simple-sample/infrastructure/transaction_repository.go:16.135,22.2 2 0
dsql-simple-sample/cmd/main.go:14.13,19.16 5 0
dsql-simple-sample/cmd/main.go:19.16,20.13 1 0
dsql-simple-sample/cmd/main.go:22.2,31.16 8 0
dsql-simple-sample/cmd/main.go:31.16,32.13 1 0
dsql-simple-sample/cmd/main.go:34.2,40.74 6 0
dsql-simple-sample/cmd/main.go:40.74,42.13 2 0
dsql-simple-sample/cmd/main.go:43.8,45.3 1 0
dsql-simple-sample/cmd/main.go:47.2,48.16 2 0
dsql-simple-sample/cmd/main.go:48.16,49.13 1 0
dsql-simple-sample/cmd/main.go:51.2,52.23 2 0
dsql-simple-sample/cmd/main.go:55.44,57.2 1 0
dsql-simple-sample/usecase/account_usecase.go:31.23,38.2 1 0
dsql-simple-sample/usecase/account_usecase.go:40.106,42.75 2 0
dsql-simple-sample/usecase/account_usecase.go:42.75,44.17 2 0
dsql-simple-sample/usecase/account_usecase.go:44.17,46.4 1 0
dsql-simple-sample/usecase/account_usecase.go:47.3,48.13 2 0
dsql-simple-sample/usecase/account_usecase.go:50.2,50.16 1 0
dsql-simple-sample/usecase/account_usecase.go:50.16,52.3 1 0
dsql-simple-sample/usecase/account_usecase.go:53.2,53.21 1 0
dsql-simple-sample/usecase/account_usecase.go:56.95,57.77 1 0
dsql-simple-sample/usecase/account_usecase.go:57.77,59.17 2 0
dsql-simple-sample/usecase/account_usecase.go:59.17,61.4 1 0
dsql-simple-sample/usecase/account_usecase.go:63.3,64.17 2 0
dsql-simple-sample/usecase/account_usecase.go:64.17,66.4 1 0
dsql-simple-sample/usecase/account_usecase.go:68.3,68.57 1 0
dsql-simple-sample/usecase/account_usecase.go:68.57,72.109 3 0
dsql-simple-sample/usecase/account_usecase.go:72.109,74.5 1 0
dsql-simple-sample/usecase/account_usecase.go:75.4,75.105 1 0
dsql-simple-sample/usecase/account_usecase.go:75.105,77.5 1 0
dsql-simple-sample/usecase/account_usecase.go:79.4,84.134 2 0
dsql-simple-sample/usecase/account_usecase.go:84.134,86.5 1 0
dsql-simple-sample/usecase/account_usecase.go:87.4,87.14 1 0
dsql-simple-sample/usecase/account_usecase.go:89.3,89.42 1 0
dsql-simple-sample/service/transaction_domain_service.go:12.61,14.2 1 0
dsql-simple-sample/service/transaction_domain_service.go:16.98,18.2 1 0
dsql-simple-sample/infrastructure/db/db.go:16.125,19.16 3 0
dsql-simple-sample/infrastructure/db/db.go:19.16,21.3 1 0
dsql-simple-sample/infrastructure/db/db.go:22.2,30.16 6 0
dsql-simple-sample/infrastructure/db/db.go:30.16,32.3 1 0
dsql-simple-sample/infrastructure/db/db.go:33.2,34.17 2 0
dsql-simple-sample/infrastructure/db/db.go:37.97,44.16 7 0
dsql-simple-sample/infrastructure/db/db.go:44.16,46.3 1 0
dsql-simple-sample/infrastructure/db/db.go:47.2,48.16 2 0
dsql-simple-sample/infrastructure/db/db.go:48.16,50.3 1 0
dsql-simple-sample/infrastructure/db/db.go:51.2,57.16 3 0
dsql-simple-sample/infrastructure/db/db.go:57.16,59.3 1 0
dsql-simple-sample/infrastructure/db/db.go:60.2,62.16 3 0
dsql-simple-sample/infrastructure/db/db.go:62.16,65.3 2 0
dsql-simple-sample/infrastructure/db/db.go:66.2,67.18 2 0
dsql-simple-sample/infrastructure/db/transaction_manager.go:17.67,19.2 1 0
dsql-simple-sample/infrastructure/db/transaction_manager.go:21.97,23.16 2 0
dsql-simple-sample/infrastructure/db/transaction_manager.go:23.16,25.3 1 0
dsql-simple-sample/infrastructure/db/transaction_manager.go:26.2,28.22 2 0
dsql-simple-sample/infrastructure/db/transaction_manager.go:31.99,33.16 2 0
dsql-simple-sample/infrastructure/db/transaction_manager.go:33.16,35.3 1 0
dsql-simple-sample/infrastructure/db/transaction_manager.go:36.2,39.16 3 0
dsql-simple-sample/infrastructure/db/transaction_manager.go:39.16,41.3 1 0
dsql-simple-sample/infrastructure/db/transaction_manager.go:43.2,43.15 1 0
dsql-simple-sample/infrastructure/db/transaction_manager.go:43.15,44.31 1 0
dsql-simple-sample/infrastructure/db/transaction_manager.go:44.31,46.12 2 0
dsql-simple-sample/infrastructure/db/transaction_manager.go:50.2,50.36 1 0
dsql-simple-sample/infrastructure/db/transaction_manager.go:50.36,53.3 2 0
dsql-simple-sample/infrastructure/db/transaction_manager.go:55.2,55.23 1 0
